{"/Users/bradroute/Desktop/HotelOps/hotel-ops-api/src/config/index.js": {"path":"/Users/bradroute/Desktop/HotelOps/hotel-ops-api/src/config/index.js","statementMap":{"0":{"start":{"line":2,"column":0},"end":{"line":2,"column":16}},"1":{"start":{"line":4,"column":28},"end":{"line":4,"column":54}},"2":{"start":{"line":5,"column":28},"end":{"line":5,"column":53}},"3":{"start":{"line":6,"column":27},"end":{"line":6,"column":51}},"4":{"start":{"line":7,"column":27},"end":{"line":7,"column":51}},"5":{"start":{"line":8,"column":28},"end":{"line":8,"column":54}}},"fnMap":{},"branchMap":{},"s":{"0":21,"1":21,"2":21,"3":21,"4":21,"5":21},"f":{},"b":{},"_coverageSchema":"1a1c01bbd47fc00a2c39e90264f33305004495a9","hash":"ba1819add1a9cc985450794f008d6b11a7e0f8fb"}
,"/Users/bradroute/Desktop/HotelOps/hotel-ops-api/src/routes/requests.js": {"path":"/Users/bradroute/Desktop/HotelOps/hotel-ops-api/src/routes/requests.js","statementMap":{"0":{"start":{"line":3,"column":15},"end":{"line":3,"column":31}},"1":{"start":{"line":6,"column":0},"end":{"line":18,"column":3}},"2":{"start":{"line":7,"column":2},"end":{"line":17,"column":3}},"3":{"start":{"line":8,"column":28},"end":{"line":11,"column":48}},"4":{"start":{"line":13,"column":4},"end":{"line":13,"column":27}},"5":{"start":{"line":13,"column":15},"end":{"line":13,"column":27}},"6":{"start":{"line":14,"column":4},"end":{"line":14,"column":19}},"7":{"start":{"line":16,"column":4},"end":{"line":16,"column":14}},"8":{"start":{"line":21,"column":0},"end":{"line":35,"column":3}},"9":{"start":{"line":22,"column":2},"end":{"line":34,"column":3}},"10":{"start":{"line":23,"column":15},"end":{"line":23,"column":28}},"11":{"start":{"line":24,"column":28},"end":{"line":28,"column":15}},"12":{"start":{"line":30,"column":4},"end":{"line":30,"column":27}},"13":{"start":{"line":30,"column":15},"end":{"line":30,"column":27}},"14":{"start":{"line":31,"column":4},"end":{"line":31,"column":50}},"15":{"start":{"line":33,"column":4},"end":{"line":33,"column":14}},"16":{"start":{"line":38,"column":0},"end":{"line":52,"column":3}},"17":{"start":{"line":39,"column":2},"end":{"line":51,"column":3}},"18":{"start":{"line":40,"column":15},"end":{"line":40,"column":28}},"19":{"start":{"line":41,"column":28},"end":{"line":45,"column":15}},"20":{"start":{"line":47,"column":4},"end":{"line":47,"column":27}},"21":{"start":{"line":47,"column":15},"end":{"line":47,"column":27}},"22":{"start":{"line":48,"column":4},"end":{"line":48,"column":50}},"23":{"start":{"line":50,"column":4},"end":{"line":50,"column":14}},"24":{"start":{"line":57,"column":0},"end":{"line":71,"column":3}},"25":{"start":{"line":58,"column":2},"end":{"line":70,"column":3}},"26":{"start":{"line":59,"column":15},"end":{"line":59,"column":28}},"27":{"start":{"line":60,"column":28},"end":{"line":64,"column":48}},"28":{"start":{"line":66,"column":4},"end":{"line":66,"column":27}},"29":{"start":{"line":66,"column":15},"end":{"line":66,"column":27}},"30":{"start":{"line":67,"column":4},"end":{"line":67,"column":19}},"31":{"start":{"line":69,"column":4},"end":{"line":69,"column":14}},"32":{"start":{"line":74,"column":0},"end":{"line":97,"column":3}},"33":{"start":{"line":75,"column":2},"end":{"line":96,"column":3}},"34":{"start":{"line":76,"column":15},"end":{"line":76,"column":28}},"35":{"start":{"line":77,"column":24},"end":{"line":77,"column":32}},"36":{"start":{"line":79,"column":4},"end":{"line":81,"column":5}},"37":{"start":{"line":80,"column":6},"end":{"line":80,"column":74}},"38":{"start":{"line":83,"column":28},"end":{"line":90,"column":15}},"39":{"start":{"line":92,"column":4},"end":{"line":92,"column":27}},"40":{"start":{"line":92,"column":15},"end":{"line":92,"column":27}},"41":{"start":{"line":93,"column":4},"end":{"line":93,"column":47}},"42":{"start":{"line":95,"column":4},"end":{"line":95,"column":14}}},"fnMap":{"0":{"name":"(anonymous_0)","decl":{"start":{"line":6,"column":16},"end":{"line":6,"column":17}},"loc":{"start":{"line":6,"column":42},"end":{"line":18,"column":1}},"line":6},"1":{"name":"(anonymous_1)","decl":{"start":{"line":21,"column":32},"end":{"line":21,"column":33}},"loc":{"start":{"line":21,"column":58},"end":{"line":35,"column":1}},"line":21},"2":{"name":"(anonymous_2)","decl":{"start":{"line":38,"column":29},"end":{"line":38,"column":30}},"loc":{"start":{"line":38,"column":55},"end":{"line":52,"column":1}},"line":38},"3":{"name":"(anonymous_3)","decl":{"start":{"line":57,"column":25},"end":{"line":57,"column":26}},"loc":{"start":{"line":57,"column":51},"end":{"line":71,"column":1}},"line":57},"4":{"name":"(anonymous_4)","decl":{"start":{"line":74,"column":26},"end":{"line":74,"column":27}},"loc":{"start":{"line":74,"column":52},"end":{"line":97,"column":1}},"line":74}},"branchMap":{"0":{"loc":{"start":{"line":13,"column":4},"end":{"line":13,"column":27}},"type":"if","locations":[{"start":{"line":13,"column":4},"end":{"line":13,"column":27}},{"start":{},"end":{}}],"line":13},"1":{"loc":{"start":{"line":30,"column":4},"end":{"line":30,"column":27}},"type":"if","locations":[{"start":{"line":30,"column":4},"end":{"line":30,"column":27}},{"start":{},"end":{}}],"line":30},"2":{"loc":{"start":{"line":47,"column":4},"end":{"line":47,"column":27}},"type":"if","locations":[{"start":{"line":47,"column":4},"end":{"line":47,"column":27}},{"start":{},"end":{}}],"line":47},"3":{"loc":{"start":{"line":66,"column":4},"end":{"line":66,"column":27}},"type":"if","locations":[{"start":{"line":66,"column":4},"end":{"line":66,"column":27}},{"start":{},"end":{}}],"line":66},"4":{"loc":{"start":{"line":79,"column":4},"end":{"line":81,"column":5}},"type":"if","locations":[{"start":{"line":79,"column":4},"end":{"line":81,"column":5}},{"start":{},"end":{}}],"line":79},"5":{"loc":{"start":{"line":92,"column":4},"end":{"line":92,"column":27}},"type":"if","locations":[{"start":{"line":92,"column":4},"end":{"line":92,"column":27}},{"start":{},"end":{}}],"line":92}},"s":{"0":1,"1":1,"2":1,"3":1,"4":1,"5":0,"6":1,"7":0,"8":1,"9":0,"10":0,"11":0,"12":0,"13":0,"14":0,"15":0,"16":1,"17":0,"18":0,"19":0,"20":0,"21":0,"22":0,"23":0,"24":1,"25":0,"26":0,"27":0,"28":0,"29":0,"30":0,"31":0,"32":1,"33":0,"34":0,"35":0,"36":0,"37":0,"38":0,"39":0,"40":0,"41":0,"42":0},"f":{"0":1,"1":0,"2":0,"3":0,"4":0},"b":{"0":[0,1],"1":[0,0],"2":[0,0],"3":[0,0],"4":[0,0],"5":[0,0]},"_coverageSchema":"1a1c01bbd47fc00a2c39e90264f33305004495a9","hash":"ff8ed25a7aaa37e0c2a0f33977edd5d82256bb12"}
,"/Users/bradroute/Desktop/HotelOps/hotel-ops-api/src/routes/sms.js": {"path":"/Users/bradroute/Desktop/HotelOps/hotel-ops-api/src/routes/sms.js","statementMap":{"0":{"start":{"line":14,"column":15},"end":{"line":14,"column":31}},"1":{"start":{"line":20,"column":0},"end":{"line":27,"column":3}},"2":{"start":{"line":21,"column":2},"end":{"line":26,"column":3}},"3":{"start":{"line":22,"column":21},"end":{"line":22,"column":43}},"4":{"start":{"line":23,"column":4},"end":{"line":23,"column":23}},"5":{"start":{"line":25,"column":4},"end":{"line":25,"column":14}},"6":{"start":{"line":33,"column":0},"end":{"line":79,"column":3}},"7":{"start":{"line":34,"column":2},"end":{"line":77,"column":3}},"8":{"start":{"line":35,"column":20},"end":{"line":35,"column":49}},"9":{"start":{"line":36,"column":23},"end":{"line":36,"column":49}},"10":{"start":{"line":37,"column":15},"end":{"line":37,"column":44}},"11":{"start":{"line":38,"column":20},"end":{"line":38,"column":32}},"12":{"start":{"line":39,"column":21},"end":{"line":39,"column":31}},"13":{"start":{"line":41,"column":4},"end":{"line":42,"column":61}},"14":{"start":{"line":42,"column":6},"end":{"line":42,"column":61}},"15":{"start":{"line":43,"column":4},"end":{"line":44,"column":68}},"16":{"start":{"line":44,"column":6},"end":{"line":44,"column":68}},"17":{"start":{"line":45,"column":4},"end":{"line":46,"column":56}},"18":{"start":{"line":46,"column":6},"end":{"line":46,"column":56}},"19":{"start":{"line":48,"column":45},"end":{"line":52,"column":15}},"20":{"start":{"line":54,"column":4},"end":{"line":55,"column":67}},"21":{"start":{"line":55,"column":6},"end":{"line":55,"column":67}},"22":{"start":{"line":56,"column":21},"end":{"line":56,"column":29}},"23":{"start":{"line":58,"column":21},"end":{"line":58,"column":30}},"24":{"start":{"line":59,"column":17},"end":{"line":59,"column":25}},"25":{"start":{"line":60,"column":4},"end":{"line":64,"column":14}},"26":{"start":{"line":61,"column":16},"end":{"line":61,"column":39}},"27":{"start":{"line":62,"column":6},"end":{"line":62,"column":32}},"28":{"start":{"line":63,"column":6},"end":{"line":63,"column":28}},"29":{"start":{"line":66,"column":21},"end":{"line":73,"column":6}},"30":{"start":{"line":74,"column":4},"end":{"line":74,"column":42}},"31":{"start":{"line":76,"column":4},"end":{"line":76,"column":48}},"32":{"start":{"line":78,"column":2},"end":{"line":78,"column":42}},"33":{"start":{"line":84,"column":0},"end":{"line":105,"column":3}},"34":{"start":{"line":85,"column":2},"end":{"line":104,"column":3}},"35":{"start":{"line":86,"column":15},"end":{"line":86,"column":35}},"36":{"start":{"line":87,"column":20},"end":{"line":87,"column":52}},"37":{"start":{"line":88,"column":4},"end":{"line":91,"column":64}},"38":{"start":{"line":89,"column":6},"end":{"line":91,"column":64}},"39":{"start":{"line":93,"column":20},"end":{"line":93,"column":24}},"40":{"start":{"line":94,"column":4},"end":{"line":98,"column":5}},"41":{"start":{"line":95,"column":6},"end":{"line":95,"column":64}},"42":{"start":{"line":97,"column":6},"end":{"line":97,"column":65}},"43":{"start":{"line":99,"column":4},"end":{"line":101,"column":75}},"44":{"start":{"line":103,"column":4},"end":{"line":103,"column":14}},"45":{"start":{"line":110,"column":0},"end":{"line":124,"column":3}},"46":{"start":{"line":111,"column":2},"end":{"line":123,"column":3}},"47":{"start":{"line":112,"column":15},"end":{"line":112,"column":35}},"48":{"start":{"line":113,"column":20},"end":{"line":113,"column":49}},"49":{"start":{"line":114,"column":4},"end":{"line":117,"column":64}},"50":{"start":{"line":115,"column":6},"end":{"line":117,"column":64}},"51":{"start":{"line":118,"column":4},"end":{"line":120,"column":71}},"52":{"start":{"line":122,"column":4},"end":{"line":122,"column":14}}},"fnMap":{"0":{"name":"(anonymous_0)","decl":{"start":{"line":20,"column":16},"end":{"line":20,"column":17}},"loc":{"start":{"line":20,"column":42},"end":{"line":27,"column":1}},"line":20},"1":{"name":"(anonymous_1)","decl":{"start":{"line":33,"column":17},"end":{"line":33,"column":18}},"loc":{"start":{"line":33,"column":37},"end":{"line":79,"column":1}},"line":33},"2":{"name":"(anonymous_2)","decl":{"start":{"line":84,"column":33},"end":{"line":84,"column":34}},"loc":{"start":{"line":84,"column":59},"end":{"line":105,"column":1}},"line":84},"3":{"name":"(anonymous_3)","decl":{"start":{"line":110,"column":30},"end":{"line":110,"column":31}},"loc":{"start":{"line":110,"column":56},"end":{"line":124,"column":1}},"line":110}},"branchMap":{"0":{"loc":{"start":{"line":35,"column":20},"end":{"line":35,"column":49}},"type":"binary-expr","locations":[{"start":{"line":35,"column":20},"end":{"line":35,"column":43}},{"start":{"line":35,"column":47},"end":{"line":35,"column":49}}],"line":35},"1":{"loc":{"start":{"line":41,"column":4},"end":{"line":42,"column":61}},"type":"if","locations":[{"start":{"line":41,"column":4},"end":{"line":42,"column":61}},{"start":{},"end":{}}],"line":41},"2":{"loc":{"start":{"line":41,"column":8},"end":{"line":41,"column":38}},"type":"binary-expr","locations":[{"start":{"line":41,"column":8},"end":{"line":41,"column":19}},{"start":{"line":41,"column":23},"end":{"line":41,"column":26}},{"start":{"line":41,"column":30},"end":{"line":41,"column":38}}],"line":41},"3":{"loc":{"start":{"line":43,"column":4},"end":{"line":44,"column":68}},"type":"if","locations":[{"start":{"line":43,"column":4},"end":{"line":44,"column":68}},{"start":{},"end":{}}],"line":43},"4":{"loc":{"start":{"line":45,"column":4},"end":{"line":46,"column":56}},"type":"if","locations":[{"start":{"line":45,"column":4},"end":{"line":46,"column":56}},{"start":{},"end":{}}],"line":45},"5":{"loc":{"start":{"line":54,"column":4},"end":{"line":55,"column":67}},"type":"if","locations":[{"start":{"line":54,"column":4},"end":{"line":55,"column":67}},{"start":{},"end":{}}],"line":54},"6":{"loc":{"start":{"line":54,"column":8},"end":{"line":54,"column":26}},"type":"binary-expr","locations":[{"start":{"line":54,"column":8},"end":{"line":54,"column":16}},{"start":{"line":54,"column":20},"end":{"line":54,"column":26}}],"line":54},"7":{"loc":{"start":{"line":88,"column":4},"end":{"line":91,"column":64}},"type":"if","locations":[{"start":{"line":88,"column":4},"end":{"line":91,"column":64}},{"start":{},"end":{}}],"line":88},"8":{"loc":{"start":{"line":114,"column":4},"end":{"line":117,"column":64}},"type":"if","locations":[{"start":{"line":114,"column":4},"end":{"line":117,"column":64}},{"start":{},"end":{}}],"line":114}},"s":{"0":1,"1":1,"2":1,"3":1,"4":1,"5":0,"6":1,"7":0,"8":0,"9":0,"10":0,"11":0,"12":0,"13":0,"14":0,"15":0,"16":0,"17":0,"18":0,"19":0,"20":0,"21":0,"22":0,"23":0,"24":0,"25":0,"26":0,"27":0,"28":0,"29":0,"30":0,"31":0,"32":0,"33":1,"34":0,"35":0,"36":0,"37":0,"38":0,"39":0,"40":0,"41":0,"42":0,"43":0,"44":0,"45":1,"46":0,"47":0,"48":0,"49":0,"50":0,"51":0,"52":0},"f":{"0":1,"1":0,"2":0,"3":0},"b":{"0":[0,0],"1":[0,0],"2":[0,0,0],"3":[0,0],"4":[0,0],"5":[0,0],"6":[0,0],"7":[0,0],"8":[0,0]},"_coverageSchema":"1a1c01bbd47fc00a2c39e90264f33305004495a9","hash":"812e69d50ff2a6c3048249d5676914174691ed76"}
,"/Users/bradroute/Desktop/HotelOps/hotel-ops-api/src/services/classifier.js": {"path":"/Users/bradroute/Desktop/HotelOps/hotel-ops-api/src/services/classifier.js","statementMap":{"0":{"start":{"line":4,"column":15},"end":{"line":4,"column":51}},"1":{"start":{"line":7,"column":17},"end":{"line":12,"column":19}},"2":{"start":{"line":14,"column":19},"end":{"line":18,"column":4}},"3":{"start":{"line":20,"column":2},"end":{"line":27,"column":3}},"4":{"start":{"line":21,"column":20},"end":{"line":21,"column":55}},"5":{"start":{"line":22,"column":37},"end":{"line":22,"column":56}},"6":{"start":{"line":23,"column":4},"end":{"line":23,"column":36}},"7":{"start":{"line":25,"column":4},"end":{"line":25,"column":47}},"8":{"start":{"line":26,"column":4},"end":{"line":26,"column":60}}},"fnMap":{"0":{"name":"classify","decl":{"start":{"line":6,"column":22},"end":{"line":6,"column":30}},"loc":{"start":{"line":6,"column":37},"end":{"line":28,"column":1}},"line":6}},"branchMap":{},"s":{"0":1,"1":0,"2":0,"3":0,"4":0,"5":0,"6":0,"7":0,"8":0},"f":{"0":0},"b":{},"_coverageSchema":"1a1c01bbd47fc00a2c39e90264f33305004495a9","hash":"13f6f08d90fea967e0ad5abbe35e7304422ed225"}
,"/Users/bradroute/Desktop/HotelOps/hotel-ops-api/src/services/supabaseService.js": {"path":"/Users/bradroute/Desktop/HotelOps/hotel-ops-api/src/services/supabaseService.js","statementMap":{"0":{"start":{"line":3,"column":0},"end":{"line":5,"column":1}},"1":{"start":{"line":4,"column":2},"end":{"line":4,"column":28}},"2":{"start":{"line":10,"column":24},"end":{"line":14,"column":1}},"3":{"start":{"line":19,"column":10},"end":{"line":19,"column":89}},"4":{"start":{"line":20,"column":2},"end":{"line":20,"column":45}},"5":{"start":{"line":20,"column":15},"end":{"line":20,"column":45}},"6":{"start":{"line":21,"column":26},"end":{"line":21,"column":33}},"7":{"start":{"line":22,"column":2},"end":{"line":22,"column":44}},"8":{"start":{"line":22,"column":13},"end":{"line":22,"column":44}},"9":{"start":{"line":23,"column":2},"end":{"line":23,"column":14}},"10":{"start":{"line":27,"column":26},"end":{"line":30,"column":13}},"11":{"start":{"line":31,"column":2},"end":{"line":31,"column":44}},"12":{"start":{"line":31,"column":13},"end":{"line":31,"column":44}},"13":{"start":{"line":32,"column":2},"end":{"line":32,"column":17}},"14":{"start":{"line":36,"column":26},"end":{"line":40,"column":18}},"15":{"start":{"line":41,"column":2},"end":{"line":41,"column":44}},"16":{"start":{"line":41,"column":13},"end":{"line":41,"column":44}},"17":{"start":{"line":42,"column":2},"end":{"line":42,"column":14}},"18":{"start":{"line":46,"column":26},"end":{"line":50,"column":13}},"19":{"start":{"line":51,"column":2},"end":{"line":51,"column":44}},"20":{"start":{"line":51,"column":13},"end":{"line":51,"column":44}},"21":{"start":{"line":52,"column":2},"end":{"line":52,"column":17}},"22":{"start":{"line":56,"column":26},"end":{"line":60,"column":13}},"23":{"start":{"line":61,"column":2},"end":{"line":61,"column":44}},"24":{"start":{"line":61,"column":13},"end":{"line":61,"column":44}},"25":{"start":{"line":62,"column":2},"end":{"line":62,"column":17}},"26":{"start":{"line":68,"column":14},"end":{"line":68,"column":24}},"27":{"start":{"line":69,"column":23},"end":{"line":69,"column":57}},"28":{"start":{"line":70,"column":22},"end":{"line":70,"column":44}},"29":{"start":{"line":71,"column":2},"end":{"line":71,"column":69}},"30":{"start":{"line":72,"column":23},"end":{"line":72,"column":87}},"31":{"start":{"line":74,"column":46},"end":{"line":78,"column":4}},"32":{"start":{"line":80,"column":2},"end":{"line":82,"column":3}},"33":{"start":{"line":81,"column":4},"end":{"line":81,"column":50}},"34":{"start":{"line":81,"column":17},"end":{"line":81,"column":50}},"35":{"start":{"line":84,"column":2},"end":{"line":88,"column":4}},"36":{"start":{"line":92,"column":26},"end":{"line":92,"column":78}},"37":{"start":{"line":93,"column":2},"end":{"line":93,"column":44}},"38":{"start":{"line":93,"column":13},"end":{"line":93,"column":44}},"39":{"start":{"line":94,"column":2},"end":{"line":98,"column":9}},"40":{"start":{"line":95,"column":14},"end":{"line":95,"column":37}},"41":{"start":{"line":96,"column":4},"end":{"line":96,"column":31}},"42":{"start":{"line":97,"column":4},"end":{"line":97,"column":15}},"43":{"start":{"line":102,"column":26},"end":{"line":105,"column":29}},"44":{"start":{"line":106,"column":2},"end":{"line":106,"column":44}},"45":{"start":{"line":106,"column":13},"end":{"line":106,"column":44}},"46":{"start":{"line":108,"column":16},"end":{"line":110,"column":77}},"47":{"start":{"line":109,"column":17},"end":{"line":109,"column":50}},"48":{"start":{"line":110,"column":14},"end":{"line":110,"column":76}},"49":{"start":{"line":112,"column":14},"end":{"line":112,"column":80}},"50":{"start":{"line":112,"column":52},"end":{"line":112,"column":57}},"51":{"start":{"line":113,"column":2},"end":{"line":113,"column":71}},"52":{"start":{"line":117,"column":26},"end":{"line":117,"column":82}},"53":{"start":{"line":118,"column":2},"end":{"line":118,"column":44}},"54":{"start":{"line":118,"column":13},"end":{"line":118,"column":44}},"55":{"start":{"line":119,"column":2},"end":{"line":119,"column":14}}},"fnMap":{"0":{"name":"getAllRequests","decl":{"start":{"line":18,"column":22},"end":{"line":18,"column":36}},"loc":{"start":{"line":18,"column":46},"end":{"line":24,"column":1}},"line":18},"1":{"name":"insertRequest","decl":{"start":{"line":26,"column":22},"end":{"line":26,"column":35}},"loc":{"start":{"line":26,"column":104},"end":{"line":33,"column":1}},"line":26},"2":{"name":"findByTelnyxId","decl":{"start":{"line":35,"column":22},"end":{"line":35,"column":36}},"loc":{"start":{"line":35,"column":48},"end":{"line":43,"column":1}},"line":35},"3":{"name":"acknowledgeRequestById","decl":{"start":{"line":45,"column":22},"end":{"line":45,"column":44}},"loc":{"start":{"line":45,"column":49},"end":{"line":53,"column":1}},"line":45},"4":{"name":"completeRequestById","decl":{"start":{"line":55,"column":22},"end":{"line":55,"column":41}},"loc":{"start":{"line":55,"column":46},"end":{"line":63,"column":1}},"line":55},"5":{"name":"getAnalyticsSummary","decl":{"start":{"line":67,"column":22},"end":{"line":67,"column":41}},"loc":{"start":{"line":67,"column":44},"end":{"line":89,"column":1}},"line":67},"6":{"name":"getAnalyticsByDepartment","decl":{"start":{"line":91,"column":22},"end":{"line":91,"column":46}},"loc":{"start":{"line":91,"column":49},"end":{"line":99,"column":1}},"line":91},"7":{"name":"(anonymous_7)","decl":{"start":{"line":94,"column":21},"end":{"line":94,"column":22}},"loc":{"start":{"line":94,"column":46},"end":{"line":98,"column":3}},"line":94},"8":{"name":"getAnalyticsAvgResponseTime","decl":{"start":{"line":101,"column":22},"end":{"line":101,"column":49}},"loc":{"start":{"line":101,"column":52},"end":{"line":114,"column":1}},"line":101},"9":{"name":"(anonymous_9)","decl":{"start":{"line":109,"column":12},"end":{"line":109,"column":13}},"loc":{"start":{"line":109,"column":17},"end":{"line":109,"column":50}},"line":109},"10":{"name":"(anonymous_10)","decl":{"start":{"line":110,"column":9},"end":{"line":110,"column":10}},"loc":{"start":{"line":110,"column":14},"end":{"line":110,"column":76}},"line":110},"11":{"name":"(anonymous_11)","decl":{"start":{"line":112,"column":42},"end":{"line":112,"column":43}},"loc":{"start":{"line":112,"column":52},"end":{"line":112,"column":57}},"line":112},"12":{"name":"getAnalyticsDailyResponseTimes","decl":{"start":{"line":116,"column":22},"end":{"line":116,"column":52}},"loc":{"start":{"line":116,"column":55},"end":{"line":120,"column":1}},"line":116}},"branchMap":{"0":{"loc":{"start":{"line":3,"column":0},"end":{"line":5,"column":1}},"type":"if","locations":[{"start":{"line":3,"column":0},"end":{"line":5,"column":1}},{"start":{},"end":{}}],"line":3},"1":{"loc":{"start":{"line":20,"column":2},"end":{"line":20,"column":45}},"type":"if","locations":[{"start":{"line":20,"column":2},"end":{"line":20,"column":45}},{"start":{},"end":{}}],"line":20},"2":{"loc":{"start":{"line":22,"column":2},"end":{"line":22,"column":44}},"type":"if","locations":[{"start":{"line":22,"column":2},"end":{"line":22,"column":44}},{"start":{},"end":{}}],"line":22},"3":{"loc":{"start":{"line":31,"column":2},"end":{"line":31,"column":44}},"type":"if","locations":[{"start":{"line":31,"column":2},"end":{"line":31,"column":44}},{"start":{},"end":{}}],"line":31},"4":{"loc":{"start":{"line":41,"column":2},"end":{"line":41,"column":44}},"type":"if","locations":[{"start":{"line":41,"column":2},"end":{"line":41,"column":44}},{"start":{},"end":{}}],"line":41},"5":{"loc":{"start":{"line":51,"column":2},"end":{"line":51,"column":44}},"type":"if","locations":[{"start":{"line":51,"column":2},"end":{"line":51,"column":44}},{"start":{},"end":{}}],"line":51},"6":{"loc":{"start":{"line":61,"column":2},"end":{"line":61,"column":44}},"type":"if","locations":[{"start":{"line":61,"column":2},"end":{"line":61,"column":44}},{"start":{},"end":{}}],"line":61},"7":{"loc":{"start":{"line":81,"column":4},"end":{"line":81,"column":50}},"type":"if","locations":[{"start":{"line":81,"column":4},"end":{"line":81,"column":50}},{"start":{},"end":{}}],"line":81},"8":{"loc":{"start":{"line":93,"column":2},"end":{"line":93,"column":44}},"type":"if","locations":[{"start":{"line":93,"column":2},"end":{"line":93,"column":44}},{"start":{},"end":{}}],"line":93},"9":{"loc":{"start":{"line":95,"column":14},"end":{"line":95,"column":37}},"type":"binary-expr","locations":[{"start":{"line":95,"column":14},"end":{"line":95,"column":24}},{"start":{"line":95,"column":28},"end":{"line":95,"column":37}}],"line":95},"10":{"loc":{"start":{"line":96,"column":14},"end":{"line":96,"column":25}},"type":"binary-expr","locations":[{"start":{"line":96,"column":14},"end":{"line":96,"column":20}},{"start":{"line":96,"column":24},"end":{"line":96,"column":25}}],"line":96},"11":{"loc":{"start":{"line":106,"column":2},"end":{"line":106,"column":44}},"type":"if","locations":[{"start":{"line":106,"column":2},"end":{"line":106,"column":44}},{"start":{},"end":{}}],"line":106},"12":{"loc":{"start":{"line":109,"column":17},"end":{"line":109,"column":50}},"type":"binary-expr","locations":[{"start":{"line":109,"column":17},"end":{"line":109,"column":29}},{"start":{"line":109,"column":33},"end":{"line":109,"column":50}}],"line":109},"13":{"loc":{"start":{"line":112,"column":14},"end":{"line":112,"column":80}},"type":"cond-expr","locations":[{"start":{"line":112,"column":29},"end":{"line":112,"column":76}},{"start":{"line":112,"column":79},"end":{"line":112,"column":80}}],"line":112},"14":{"loc":{"start":{"line":118,"column":2},"end":{"line":118,"column":44}},"type":"if","locations":[{"start":{"line":118,"column":2},"end":{"line":118,"column":44}},{"start":{},"end":{}}],"line":118}},"s":{"0":20,"1":0,"2":20,"3":2,"4":2,"5":0,"6":2,"7":2,"8":1,"9":1,"10":2,"11":2,"12":1,"13":1,"14":2,"15":2,"16":1,"17":1,"18":2,"19":2,"20":1,"21":1,"22":2,"23":2,"24":1,"25":1,"26":2,"27":2,"28":2,"29":2,"30":2,"31":2,"32":2,"33":5,"34":1,"35":1,"36":2,"37":2,"38":1,"39":1,"40":3,"41":3,"42":3,"43":3,"44":3,"45":1,"46":2,"47":2,"48":2,"49":2,"50":2,"51":2,"52":2,"53":2,"54":1,"55":1},"f":{"0":2,"1":2,"2":2,"3":2,"4":2,"5":2,"6":2,"7":3,"8":3,"9":2,"10":2,"11":2,"12":2},"b":{"0":[0,20],"1":[0,2],"2":[1,1],"3":[1,1],"4":[1,1],"5":[1,1],"6":[1,1],"7":[1,4],"8":[1,1],"9":[3,0],"10":[3,2],"11":[1,2],"12":[2,2],"13":[1,1],"14":[1,1]},"_coverageSchema":"1a1c01bbd47fc00a2c39e90264f33305004495a9","hash":"26e6b4399a799ee85370fbcdd0b61ecede5a12e2"}
,"/Users/bradroute/Desktop/HotelOps/hotel-ops-api/src/services/telnyxService.js": {"path":"/Users/bradroute/Desktop/HotelOps/hotel-ops-api/src/services/telnyxService.js","statementMap":{"0":{"start":{"line":5,"column":4},"end":{"line":7,"column":68}},"1":{"start":{"line":9,"column":2},"end":{"line":9,"column":78}},"2":{"start":{"line":11,"column":21},"end":{"line":15,"column":3}},"3":{"start":{"line":17,"column":19},"end":{"line":24,"column":4}},"4":{"start":{"line":26,"column":15},"end":{"line":26,"column":36}},"5":{"start":{"line":27,"column":2},"end":{"line":32,"column":3}},"6":{"start":{"line":28,"column":16},"end":{"line":28,"column":47}},"7":{"start":{"line":29,"column":4},"end":{"line":29,"column":23}},"8":{"start":{"line":30,"column":4},"end":{"line":30,"column":60}},"9":{"start":{"line":31,"column":4},"end":{"line":31,"column":14}},"10":{"start":{"line":34,"column":2},"end":{"line":34,"column":58}},"11":{"start":{"line":35,"column":2},"end":{"line":35,"column":14}}},"fnMap":{"0":{"name":"sendConfirmationSms","decl":{"start":{"line":3,"column":22},"end":{"line":3,"column":41}},"loc":{"start":{"line":3,"column":61},"end":{"line":36,"column":1}},"line":3}},"branchMap":{"0":{"loc":{"start":{"line":5,"column":4},"end":{"line":7,"column":68}},"type":"cond-expr","locations":[{"start":{"line":6,"column":8},"end":{"line":6,"column":25}},{"start":{"line":7,"column":8},"end":{"line":7,"column":68}}],"line":5},"1":{"loc":{"start":{"line":7,"column":8},"end":{"line":7,"column":68}},"type":"binary-expr","locations":[{"start":{"line":7,"column":8},"end":{"line":7,"column":39}},{"start":{"line":7,"column":43},"end":{"line":7,"column":68}}],"line":7},"2":{"loc":{"start":{"line":27,"column":2},"end":{"line":32,"column":3}},"type":"if","locations":[{"start":{"line":27,"column":2},"end":{"line":32,"column":3}},{"start":{},"end":{}}],"line":27}},"s":{"0":0,"1":0,"2":0,"3":0,"4":0,"5":0,"6":0,"7":0,"8":0,"9":0,"10":0,"11":0},"f":{"0":0},"b":{"0":[0,0],"1":[0,0],"2":[0,0]},"_coverageSchema":"1a1c01bbd47fc00a2c39e90264f33305004495a9","hash":"05391a090d30717ad1304b611881434ddc1f2b71"}
}
