TN:
SF:src/config/index.js
FNF:0
FNH:0
DA:2,21
DA:4,21
DA:5,21
DA:6,21
DA:7,21
DA:8,21
LF:6
LH:6
BRF:0
BRH:0
end_of_record
TN:
SF:src/routes/requests.js
FN:6,(anonymous_0)
FN:21,(anonymous_1)
FN:38,(anonymous_2)
FN:57,(anonymous_3)
FN:74,(anonymous_4)
FNF:5
FNH:1
FNDA:1,(anonymous_0)
FNDA:0,(anonymous_1)
FNDA:0,(anonymous_2)
FNDA:0,(anonymous_3)
FNDA:0,(anonymous_4)
DA:3,1
DA:6,1
DA:7,1
DA:8,1
DA:13,1
DA:14,1
DA:16,0
DA:21,1
DA:22,0
DA:23,0
DA:24,0
DA:30,0
DA:31,0
DA:33,0
DA:38,1
DA:39,0
DA:40,0
DA:41,0
DA:47,0
DA:48,0
DA:50,0
DA:57,1
DA:58,0
DA:59,0
DA:60,0
DA:66,0
DA:67,0
DA:69,0
DA:74,1
DA:75,0
DA:76,0
DA:77,0
DA:79,0
DA:80,0
DA:83,0
DA:92,0
DA:93,0
DA:95,0
LF:38
LH:10
BRDA:13,0,0,0
BRDA:13,0,1,1
BRDA:30,1,0,0
BRDA:30,1,1,0
BRDA:47,2,0,0
BRDA:47,2,1,0
BRDA:66,3,0,0
BRDA:66,3,1,0
BRDA:79,4,0,0
BRDA:79,4,1,0
BRDA:92,5,0,0
BRDA:92,5,1,0
BRF:12
BRH:1
end_of_record
TN:
SF:src/routes/sms.js
FN:20,(anonymous_0)
FN:33,(anonymous_1)
FN:84,(anonymous_2)
FN:110,(anonymous_3)
FNF:4
FNH:1
FNDA:1,(anonymous_0)
FNDA:0,(anonymous_1)
FNDA:0,(anonymous_2)
FNDA:0,(anonymous_3)
DA:14,1
DA:20,1
DA:21,1
DA:22,1
DA:23,1
DA:25,0
DA:33,1
DA:34,0
DA:35,0
DA:36,0
DA:37,0
DA:38,0
DA:39,0
DA:41,0
DA:42,0
DA:43,0
DA:44,0
DA:45,0
DA:46,0
DA:48,0
DA:54,0
DA:55,0
DA:56,0
DA:58,0
DA:59,0
DA:60,0
DA:61,0
DA:62,0
DA:63,0
DA:66,0
DA:74,0
DA:76,0
DA:78,0
DA:84,1
DA:85,0
DA:86,0
DA:87,0
DA:88,0
DA:89,0
DA:93,0
DA:94,0
DA:95,0
DA:97,0
DA:99,0
DA:103,0
DA:110,1
DA:111,0
DA:112,0
DA:113,0
DA:114,0
DA:115,0
DA:118,0
DA:122,0
LF:53
LH:8
BRDA:35,0,0,0
BRDA:35,0,1,0
BRDA:41,1,0,0
BRDA:41,1,1,0
BRDA:41,2,0,0
BRDA:41,2,1,0
BRDA:41,2,2,0
BRDA:43,3,0,0
BRDA:43,3,1,0
BRDA:45,4,0,0
BRDA:45,4,1,0
BRDA:54,5,0,0
BRDA:54,5,1,0
BRDA:54,6,0,0
BRDA:54,6,1,0
BRDA:88,7,0,0
BRDA:88,7,1,0
BRDA:114,8,0,0
BRDA:114,8,1,0
BRF:19
BRH:0
end_of_record
TN:
SF:src/services/classifier.js
FN:6,classify
FNF:1
FNH:0
FNDA:0,classify
DA:4,1
DA:7,0
DA:14,0
DA:20,0
DA:21,0
DA:22,0
DA:23,0
DA:25,0
DA:26,0
LF:9
LH:1
BRF:0
BRH:0
end_of_record
TN:
SF:src/services/supabaseService.js
FN:18,getAllRequests
FN:26,insertRequest
FN:35,findByTelnyxId
FN:45,acknowledgeRequestById
FN:55,completeRequestById
FN:67,getAnalyticsSummary
FN:91,getAnalyticsByDepartment
FN:94,(anonymous_7)
FN:101,getAnalyticsAvgResponseTime
FN:109,(anonymous_9)
FN:110,(anonymous_10)
FN:112,(anonymous_11)
FN:116,getAnalyticsDailyResponseTimes
FNF:13
FNH:13
FNDA:2,getAllRequests
FNDA:2,insertRequest
FNDA:2,findByTelnyxId
FNDA:2,acknowledgeRequestById
FNDA:2,completeRequestById
FNDA:2,getAnalyticsSummary
FNDA:2,getAnalyticsByDepartment
FNDA:3,(anonymous_7)
FNDA:3,getAnalyticsAvgResponseTime
FNDA:2,(anonymous_9)
FNDA:2,(anonymous_10)
FNDA:2,(anonymous_11)
FNDA:2,getAnalyticsDailyResponseTimes
DA:3,20
DA:4,0
DA:10,20
DA:19,2
DA:20,2
DA:21,2
DA:22,2
DA:23,1
DA:27,2
DA:31,2
DA:32,1
DA:36,2
DA:41,2
DA:42,1
DA:46,2
DA:51,2
DA:52,1
DA:56,2
DA:61,2
DA:62,1
DA:68,2
DA:69,2
DA:70,2
DA:71,2
DA:72,2
DA:74,2
DA:80,2
DA:81,5
DA:84,1
DA:92,2
DA:93,2
DA:94,1
DA:95,3
DA:96,3
DA:97,3
DA:102,3
DA:106,3
DA:108,2
DA:109,2
DA:110,2
DA:112,2
DA:113,2
DA:117,2
DA:118,2
DA:119,1
LF:45
LH:44
BRDA:3,0,0,0
BRDA:3,0,1,20
BRDA:20,1,0,0
BRDA:20,1,1,2
BRDA:22,2,0,1
BRDA:22,2,1,1
BRDA:31,3,0,1
BRDA:31,3,1,1
BRDA:41,4,0,1
BRDA:41,4,1,1
BRDA:51,5,0,1
BRDA:51,5,1,1
BRDA:61,6,0,1
BRDA:61,6,1,1
BRDA:81,7,0,1
BRDA:81,7,1,4
BRDA:93,8,0,1
BRDA:93,8,1,1
BRDA:95,9,0,3
BRDA:95,9,1,0
BRDA:96,10,0,3
BRDA:96,10,1,2
BRDA:106,11,0,1
BRDA:106,11,1,2
BRDA:109,12,0,2
BRDA:109,12,1,2
BRDA:112,13,0,1
BRDA:112,13,1,1
BRDA:118,14,0,1
BRDA:118,14,1,1
BRF:30
BRH:27
end_of_record
TN:
SF:src/services/telnyxService.js
FN:3,sendConfirmationSms
FNF:1
FNH:0
FNDA:0,sendConfirmationSms
DA:5,0
DA:9,0
DA:11,0
DA:17,0
DA:26,0
DA:27,0
DA:28,0
DA:29,0
DA:30,0
DA:31,0
DA:34,0
DA:35,0
LF:12
LH:0
BRDA:5,0,0,0
BRDA:5,0,1,0
BRDA:7,1,0,0
BRDA:7,1,1,0
BRDA:27,2,0,0
BRDA:27,2,1,0
BRF:6
BRH:0
end_of_record
